#
# A fatal error has been detected by the Java Runtime Environment:
#
#  EXCEPTION_PRIV_INSTRUCTION (0xc0000096) at pc=0x00000000030656ed, pid=12144, tid=0x00000000000028ac
#
# JRE version: OpenJDK Runtime Environment (8.0_152-b01) (build 1.8.0_152-release-1343-b01)
# Java VM: OpenJDK 64-Bit Server VM (25.152-b01 mixed mode windows-amd64 compressed oops)
# Problematic frame:
# 
[error occurred during error reporting (printing problematic frame), id 0xc0000005]

# Failed to write core dump. Minidumps are not enabled by default on client versions of Windows
#
# If you would like to submit a bug report, please visit:
#   http://bugreport.java.com/bugreport/crash.jsp
#

---------------  T H R E A D  ---------------

Current thread (0x000000001ebab000):  JavaThread "Daemon worker Thread 7" [_thread_in_Java, id=10412, stack(0x000000003e0c0000,0x000000003e1c0000)]

siginfo: ExceptionCode=0xc0000096

Registers:
RAX=0x0000000000000000, RBX=0x00000000000000d3, RCX=0x0000000000000000, RDX=0x0000000000000000
RSP=0x000000003e1bb0a0, RBP=0x000000003e1baab0, RSI=0x0000000011f20000, RDI=0x00000000003645e0
R8 =0x0000000000000061, R9 =0x0000000001267200, R10=0x0000000000000061, R11=0x000000003e1ba870
R12=0x0000000000000000, R13=0x000000002460b264, R14=0x000000003e1baac0, R15=0x000000001ebab000
RIP=0x00000000030656ed, EFLAGS=0x0000000000010202

Top of Stack: (sp=0x000000003e1bb0a0)
0x000000003e1bb0a0:   000000001ebab000 000000003e1baac0
0x000000003e1bb0b0:   00000000000000d3 0000000011f20000
0x000000003e1bb0c0:   00000000048c5fa0 000000006c584000
0x000000003e1bb0d0:   00000000f11cfe38 0000000000000000
0x000000003e1bb0e0:   00000000003645e0 0000000011f20000
0x000000003e1bb0f0:   000000003e1baab0 000000003e1bb120
0x000000003e1bb100:   00000000000000d3 0000000000788e7f
0x000000003e1bb110:   0000000000000004 00000000169a7a88
0x000000003e1bb120:   00000000f11cc6c0 000000006bf34f40
0x000000003e1bb130:   0000000029849928 0000000029849928
0x000000003e1bb140:   000000003e1bb188 00000000035b163c
0x000000003e1bb150:   0000000000000000 00000000038fb6ac
0x000000003e1bb160:   0000000016558298 000000003e1bb1c0
0x000000003e1bb170:   00000000000050e0 00000000f11cc930
0x000000003e1bb180:   00000000f11cc6c0 00000000f11cc8f8
0x000000003e1bb190:   f11cc738a0426150 00000000f11cc3d0 

Instructions: (pc=0x00000000030656ed)
0x00000000030656cd:   48 b9 50 f2 38 6c 00 00 00 00 48 ba 77 56 06 03
0x00000000030656dd:   00 00 00 00 4c 8b c4 48 83 e4 f0 e8 63 d1 02 69
0x00000000030656ed:   f4 66 90 00 00 00 00 00 00 00 00 00 00 00 00 00
0x00000000030656fd:   00 00 00 80 20 00 00 00 00 00 00 38 f2 38 6c 00 


Register to memory mapping:

RAX=0x0000000000000000 is an unknown value
RBX=0x00000000000000d3 is an unknown value
RCX=0x0000000000000000 is an unknown value
RDX=0x0000000000000000 is an unknown value
RSP=0x000000003e1bb0a0 is pointing into the stack for thread: 0x000000001ebab000
RBP=0x000000003e1baab0 is pointing into the stack for thread: 0x000000001ebab000
RSI=0x0000000011f20000 is an unknown value
RDI=0x00000000003645e0 is an unknown value
R8 =0x0000000000000061 is an unknown value
R9 =0x0000000001267200 is an unknown value
R10=0x0000000000000061 is an unknown value
R11=0x000000003e1ba870 is pointing into the stack for thread: 0x000000001ebab000
R12=0x0000000000000000 is an unknown value
R13=0x000000002460b264 is pointing into metadata
R14=0x000000003e1baac0 is pointing into the stack for thread: 0x000000001ebab000
R15=0x000000001ebab000 is a thread


Stack: [0x000000003e0c0000,0x000000003e1c0000],  sp=0x000000003e1bb0a0,  free space=1004k
Native frames: (J=compiled Java code, j=interpreted, Vv=VM code, C=native code)
C  0x00000000030656ed


---------------  P R O C E S S  ---------------

Java Threads: ( => current thread )
  0x000000002208d800 JavaThread "Cache worker for file content cache (E:\AndroidStudioProjects\demo4\.gradle\5.1.1\fileContent)" [_thread_blocked, id=9044, stack(0x000000003f0c0000,0x000000003f1c0000)]
  0x0000000022089800 JavaThread "Cache worker for Build Output Cleanup Cache (E:\AndroidStudioProjects\demo4\.gradle\buildOutputCleanup)" [_thread_blocked, id=752, stack(0x000000003efc0000,0x000000003f0c0000)]
  0x000000002208c000 JavaThread "Build operations Thread 8" [_thread_blocked, id=10056, stack(0x000000003eec0000,0x000000003efc0000)]
  0x000000002208b000 JavaThread "Build operations Thread 7" [_thread_blocked, id=10052, stack(0x000000003edc0000,0x000000003eec0000)]
  0x000000002208a800 JavaThread "Build operations Thread 6" [_thread_blocked, id=11944, stack(0x000000003ecc0000,0x000000003edc0000)]
  0x000000001ebb6000 JavaThread "Build operations Thread 5" [_thread_blocked, id=5488, stack(0x000000003ebc0000,0x000000003ecc0000)]
  0x000000001ebb0000 JavaThread "Build operations Thread 4" [_thread_blocked, id=7588, stack(0x000000003eac0000,0x000000003ebc0000)]
  0x000000001ebb4800 JavaThread "Build operations Thread 3" [_thread_blocked, id=7492, stack(0x000000003e9c0000,0x000000003eac0000)]
  0x000000001ebb3000 JavaThread "Build operations Thread 2" [_thread_blocked, id=2508, stack(0x000000003e8c0000,0x000000003e9c0000)]
  0x000000001ebb2800 JavaThread "Build operations" [_thread_blocked, id=3628, stack(0x000000003e7c0000,0x000000003e8c0000)]
  0x000000001ebb1800 JavaThread "Cache worker for cache directory md-rule (C:\Users\å¼ å®¶åº†\.gradle\caches\5.1.1\md-rule)" [_thread_blocked, id=7196, stack(0x000000003e6c0000,0x000000003e7c0000)]
  0x000000001ebb4000 JavaThread "Cache worker for cache directory md-supplier (C:\Users\å¼ å®¶åº†\.gradle\caches\5.1.1\md-supplier)" [_thread_blocked, id=10124, stack(0x000000003e5c0000,0x000000003e6c0000)]
  0x000000001eba8800 JavaThread "Cache worker for file hash cache (E:\AndroidStudioProjects\demo4\.gradle\5.1.1\fileHashes)" [_thread_blocked, id=5960, stack(0x000000003e4c0000,0x000000003e5c0000)]
  0x000000001ebac800 JavaThread "Thread-279" [_thread_blocked, id=11424, stack(0x000000003e3c0000,0x000000003e4c0000)]
  0x000000001ebab800 JavaThread "Stdin handler" [_thread_blocked, id=8032, stack(0x000000003e2c0000,0x000000003e3c0000)]
  0x000000001ebae800 JavaThread "Asynchronous log dispatcher for DefaultDaemonConnection: socket connection from /127.0.0.1:50045 to /127.0.0.1:51675" [_thread_blocked, id=6856, stack(0x000000003e1c0000,0x000000003e2c0000)]
=>0x000000001ebab000 JavaThread "Daemon worker Thread 7" [_thread_in_Java, id=10412, stack(0x000000003e0c0000,0x000000003e1c0000)]
  0x000000001ebae000 JavaThread "Cancel handler" [_thread_blocked, id=7172, stack(0x000000003dfc0000,0x000000003e0c0000)]
  0x000000001ebaa000 JavaThread "Handler for socket connection from /127.0.0.1:50045 to /127.0.0.1:51675" [_thread_in_native, id=7448, stack(0x000000003dec0000,0x000000003dfc0000)]
  0x000000001eba9800 JavaThread "Daemon Thread 7" [_thread_blocked, id=10936, stack(0x000000003ddc0000,0x000000003dec0000)]
  0x000000001f49c000 JavaThread "Cache worker for Java compile cache (C:\Users\å¼ å®¶åº†\.gradle\caches\5.1.1\javaCompile)" [_thread_blocked, id=1008, stack(0x00000000284f0000,0x00000000285f0000)]
  0x000000001d538000 JavaThread "Cache worker for file content cache (C:\Users\å¼ å®¶åº†\.gradle\caches\5.1.1\fileContent)" [_thread_blocked, id=12092, stack(0x0000000026ff0000,0x00000000270f0000)]
  0x000000001d53d000 JavaThread "Memory manager" [_thread_blocked, id=8748, stack(0x00000000247c0000,0x00000000248c0000)]
  0x000000001d536800 JavaThread "Cache worker for execution history cache (C:\Users\å¼ å®¶åº†\.gradle\caches\5.1.1\executionHistory)" [_thread_blocked, id=1148, stack(0x00000000211f0000,0x00000000212f0000)]
  0x000000001ae39000 JavaThread "Cache worker for journal cache (C:\Users\å¼ å®¶åº†\.gradle\caches\journal-1)" [_thread_blocked, id=1564, stack(0x000000001c260000,0x000000001c360000)]
  0x000000001ae37800 JavaThread "File lock request listener" [_thread_in_native, id=10500, stack(0x000000001c160000,0x000000001c260000)]
  0x000000001b05c000 JavaThread "Cache worker for file hash cache (C:\Users\å¼ å®¶åº†\.gradle\caches\5.1.1\fileHashes)" [_thread_blocked, id=10316, stack(0x000000001c060000,0x000000001c160000)]
  0x000000001ad0f800 JavaThread "Daemon periodic checks" [_thread_blocked, id=7504, stack(0x000000001b560000,0x000000001b660000)]
  0x000000001acdd800 JavaThread "Incoming local TCP Connector on port 50045" [_thread_in_native, id=10440, stack(0x000000001b3b0000,0x000000001b4b0000)]
  0x0000000018db9000 JavaThread "Service Thread" daemon [_thread_blocked, id=3068, stack(0x00000000197e0000,0x00000000198e0000)]
  0x0000000018d81800 JavaThread "C1 CompilerThread3" daemon [_thread_blocked, id=8248, stack(0x00000000196e0000,0x00000000197e0000)]
  0x0000000018d70000 JavaThread "C2 CompilerThread2" daemon [_thread_blocked, id=9576, stack(0x00000000195e0000,0x00000000196e0000)]
  0x0000000018d6f000 JavaThread "C2 CompilerThread1" daemon [_thread_blocked, id=9572, stack(0x00000000194e0000,0x00000000195e0000)]
  0x0000000018d6c000 JavaThread "C2 CompilerThread0" daemon [_thread_blocked, id=9580, stack(0x00000000193e0000,0x00000000194e0000)]
  0x0000000018d19000 JavaThread "Attach Listener" daemon [_thread_blocked, id=9584, stack(0x00000000192e0000,0x00000000193e0000)]
  0x0000000018d18000 JavaThread "Signal Dispatcher" daemon [_thread_blocked, id=9588, stack(0x00000000191e0000,0x00000000192e0000)]
  0x0000000003059800 JavaThread "Finalizer" daemon [_thread_blocked, id=3044, stack(0x00000000190e0000,0x00000000191e0000)]
  0x0000000003056000 JavaThread "Reference Handler" daemon [_thread_blocked, id=8284, stack(0x0000000018be0000,0x0000000018ce0000)]
  0x000000000126d800 JavaThread "main" [_thread_blocked, id=11852, stack(0x0000000002a30000,0x0000000002b30000)]

Other Threads:
  0x0000000016e19000 VMThread [stack: 0x0000000018ae0000,0x0000000018be0000] [id=10432]
  0x0000000018dbd800 WatcherThread [stack: 0x00000000198e0000,0x00000000199e0000] [id=11236]

VM state:not at safepoint (normal execution)

VM Mutex/Monitor currently owned by a thread: None

Heap:
 PSYoungGen      total 362496K, used 310832K [0x00000000e0000000, 0x00000000f9480000, 0x0000000100000000)
  eden space 318464K, 88% used [0x00000000e0000000,0x00000000f12072c0,0x00000000f3700000)
  from space 44032K, 68% used [0x00000000f6480000,0x00000000f8204fd8,0x00000000f8f80000)
  to   space 46592K, 0% used [0x00000000f3700000,0x00000000f3700000,0x00000000f6480000)
 ParOldGen       total 230400K, used 82112K [0x00000000a0000000, 0x00000000ae100000, 0x00000000e0000000)
  object space 230400K, 35% used [0x00000000a0000000,0x00000000a5030128,0x00000000ae100000)
 Metaspace       used 188269K, capacity 197972K, committed 198168K, reserved 1222656K
  class space    used 23915K, capacity 25622K, committed 25624K, reserved 1048576K

Card table byte_map: [0x0000000012420000,0x0000000012730000] byte_map_base: 0x0000000011f20000

Marking Bits: (ParMarkBitMap*) 0x000000006c595aa0
 Begin Bits: [0x0000000013130000, 0x0000000014930000)
 End Bits:   [0x0000000014930000, 0x0000000016130000)

Polling page: 0x00000000011e0000

CodeCache: size=245760Kb used=81236Kb max_used=81335Kb free=164523Kb
 bounds [0x0000000003060000, 0x0000000008050000, 0x0000000012060000]
 total_blobs=26204 nmethods=25283 adapters=830
 compilation: enabled

Compilation events (10 events):
Event: 5015.159 Thread 0x0000000018d81800 31523       3       org.gradle.api.internal.tasks.DefaultTaskDependency$1::add (11 bytes)
Event: 5015.160 Thread 0x0000000018d81800 nmethod 31523 0x0000000007e10ed0 code [0x0000000007e11040, 0x0000000007e11268]
Event: 5015.163 Thread 0x0000000018d81800 31524       3       com.android.build.gradle.internal.core.VariantConfiguration::getFullName (49 bytes)
Event: 5015.164 Thread 0x0000000018d81800 nmethod 31524 0x0000000007dfe4d0 code [0x0000000007dfe680, 0x0000000007dfed18]
Event: 5015.165 Thread 0x0000000018d6f000 nmethod 31517 0x0000000007db7150 code [0x0000000007db7420, 0x0000000007db8a28]
Event: 5015.171 Thread 0x0000000018d81800 31525       3       com.sun.proxy.$Proxy66::<init> (6 bytes)
Event: 5015.171 Thread 0x0000000018d81800 nmethod 31525 0x0000000007e10810 code [0x0000000007e109a0, 0x0000000007e10d28]
Event: 5015.171 Thread 0x0000000018d81800 31526       3       org.gradle.api.internal.AsmBackedClassGenerator$ClassBuilderImpl::addPropertySetters (114 bytes)
Event: 5015.172 Thread 0x0000000018d81800 nmethod 31526 0x000000000802ec10 code [0x000000000802ef00, 0x0000000008030518]
Event: 5015.173 Thread 0x0000000018d6c000 31527       4       java.util.ComparableTimSort::countRunAndMakeAscending (123 bytes)

GC Heap History (10 events):
Event: 2260.026 GC heap before
{Heap before GC invocations=47 (full 4):
 PSYoungGen      total 320000K, used 298942K [0x00000000e0000000, 0x00000000f5e00000, 0x0000000100000000)
  eden space 281088K, 100% used [0x00000000e0000000,0x00000000f1280000,0x00000000f1280000)
  from space 38912K, 45% used [0x00000000f3800000,0x00000000f496fb40,0x00000000f5e00000)
  to   space 38400K, 0% used [0x00000000f1280000,0x00000000f1280000,0x00000000f3800000)
 ParOldGen       total 166912K, used 75496K [0x00000000a0000000, 0x00000000aa300000, 0x00000000e0000000)
  object space 166912K, 45% used [0x00000000a0000000,0x00000000a49ba360,0x00000000aa300000)
 Metaspace       used 129353K, capacity 135476K, committed 135576K, reserved 1167360K
  class space    used 16207K, capacity 17261K, committed 17304K, reserved 1048576K
Event: 2260.034 GC heap after
Heap after GC invocations=47 (full 4):
 PSYoungGen      total 319488K, used 4686K [0x00000000e0000000, 0x00000000f7000000, 0x0000000100000000)
  eden space 281088K, 0% used [0x00000000e0000000,0x00000000e0000000,0x00000000f1280000)
  from space 38400K, 12% used [0x00000000f1280000,0x00000000f1713830,0x00000000f3800000)
  to   space 36864K, 0% used [0x00000000f4c00000,0x00000000f4c00000,0x00000000f7000000)
 ParOldGen       total 166912K, used 75504K [0x00000000a0000000, 0x00000000aa300000, 0x00000000e0000000)
  object space 166912K, 45% used [0x00000000a0000000,0x00000000a49bc360,0x00000000aa300000)
 Metaspace       used 129353K, capacity 135476K, committed 135576K, reserved 1167360K
  class space    used 16207K, capacity 17261K, committed 17304K, reserved 1048576K
}
Event: 2265.070 GC heap before
{Heap before GC invocations=48 (full 4):
 PSYoungGen      total 319488K, used 285501K [0x00000000e0000000, 0x00000000f7000000, 0x0000000100000000)
  eden space 281088K, 99% used [0x00000000e0000000,0x00000000f123bcf8,0x00000000f1280000)
  from space 38400K, 12% used [0x00000000f1280000,0x00000000f1713830,0x00000000f3800000)
  to   space 36864K, 0% used [0x00000000f4c00000,0x00000000f4c00000,0x00000000f7000000)
 ParOldGen       total 166912K, used 75504K [0x00000000a0000000, 0x00000000aa300000, 0x00000000e0000000)
  object space 166912K, 45% used [0x00000000a0000000,0x00000000a49bc360,0x00000000aa300000)
 Metaspace       used 143680K, capacity 150690K, committed 151064K, reserved 1181696K
  class space    used 18128K, capacity 19361K, committed 19480K, reserved 1048576K
Event: 2265.093 GC heap after
Heap after GC invocations=48 (full 4):
 PSYoungGen      total 335360K, used 30074K [0x00000000e0000000, 0x00000000f7700000, 0x0000000100000000)
  eden space 298496K, 0% used [0x00000000e0000000,0x00000000e0000000,0x00000000f2380000)
  from space 36864K, 81% used [0x00000000f4c00000,0x00000000f695ea50,0x00000000f7000000)
  to   space 41472K, 0% used [0x00000000f2380000,0x00000000f2380000,0x00000000f4c00000)
 ParOldGen       total 166912K, used 75512K [0x00000000a0000000, 0x00000000aa300000, 0x00000000e0000000)
  object space 166912K, 45% used [0x00000000a0000000,0x00000000a49be360,0x00000000aa300000)
 Metaspace       used 143680K, capacity 150690K, committed 151064K, reserved 1181696K
  class space    used 18128K, capacity 19361K, committed 19480K, reserved 1048576K
}
Event: 2268.259 GC heap before
{Heap before GC invocations=49 (full 4):
 PSYoungGen      total 335360K, used 253421K [0x00000000e0000000, 0x00000000f7700000, 0x0000000100000000)
  eden space 298496K, 74% used [0x00000000e0000000,0x00000000eda1cb88,0x00000000f2380000)
  from space 36864K, 81% used [0x00000000f4c00000,0x00000000f695ea50,0x00000000f7000000)
  to   space 41472K, 0% used [0x00000000f2380000,0x00000000f2380000,0x00000000f4c00000)
 ParOldGen       total 166912K, used 75512K [0x00000000a0000000, 0x00000000aa300000, 0x00000000e0000000)
  object space 166912K, 45% used [0x00000000a0000000,0x00000000a49be360,0x00000000aa300000)
 Metaspace       used 156289K, capacity 164290K, committed 164336K, reserved 1191936K
  class space    used 19754K, capacity 21121K, committed 21144K, reserved 1048576K
Event: 2268.293 GC heap after
Heap after GC invocations=49 (full 4):
 PSYoungGen      total 339968K, used 28401K [0x00000000e0000000, 0x00000000f8f80000, 0x0000000100000000)
  eden space 298496K, 0% used [0x00000000e0000000,0x00000000e0000000,0x00000000f2380000)
  from space 41472K, 68% used [0x00000000f2380000,0x00000000f3f3c400,0x00000000f4c00000)
  to   space 44032K, 0% used [0x00000000f6480000,0x00000000f6480000,0x00000000f8f80000)
 ParOldGen       total 166912K, used 75520K [0x00000000a0000000, 0x00000000aa300000, 0x00000000e0000000)
  object space 166912K, 45% used [0x00000000a0000000,0x00000000a49c0360,0x00000000aa300000)
 Metaspace       used 156289K, capacity 164290K, committed 164336K, reserved 1191936K
  class space    used 19754K, capacity 21121K, committed 21144K, reserved 1048576K
}
Event: 2268.293 GC heap before
{Heap before GC invocations=50 (full 5):
 PSYoungGen      total 339968K, used 28401K [0x00000000e0000000, 0x00000000f8f80000, 0x0000000100000000)
  eden space 298496K, 0% used [0x00000000e0000000,0x00000000e0000000,0x00000000f2380000)
  from space 41472K, 68% used [0x00000000f2380000,0x00000000f3f3c400,0x00000000f4c00000)
  to   space 44032K, 0% used [0x00000000f6480000,0x00000000f6480000,0x00000000f8f80000)
 ParOldGen       total 166912K, used 75520K [0x00000000a0000000, 0x00000000aa300000, 0x00000000e0000000)
  object space 166912K, 45% used [0x00000000a0000000,0x00000000a49c0360,0x00000000aa300000)
 Metaspace       used 156289K, capacity 164290K, committed 164336K, reserved 1191936K
  class space    used 19754K, capacity 21121K, committed 21144K, reserved 1048576K
Event: 2268.659 GC heap after
Heap after GC invocations=50 (full 5):
 PSYoungGen      total 339968K, used 0K [0x00000000e0000000, 0x00000000f8f80000, 0x0000000100000000)
  eden space 298496K, 0% used [0x00000000e0000000,0x00000000e0000000,0x00000000f2380000)
  from space 41472K, 0% used [0x00000000f2380000,0x00000000f2380000,0x00000000f4c00000)
  to   space 44032K, 0% used [0x00000000f6480000,0x00000000f6480000,0x00000000f8f80000)
 ParOldGen       total 230400K, used 82080K [0x00000000a0000000, 0x00000000ae100000, 0x00000000e0000000)
  object space 230400K, 35% used [0x00000000a0000000,0x00000000a5028160,0x00000000ae100000)
 Metaspace       used 156058K, capacity 163760K, committed 164336K, reserved 1191936K
  class space    used 19695K, capacity 21020K, committed 21144K, reserved 1048576K
}
Event: 2449.760 GC heap before
{Heap before GC invocations=51 (full 5):
 PSYoungGen      total 339968K, used 298496K [0x00000000e0000000, 0x00000000f8f80000, 0x0000000100000000)
  eden space 298496K, 100% used [0x00000000e0000000,0x00000000f2380000,0x00000000f2380000)
  from space 41472K, 0% used [0x00000000f2380000,0x00000000f2380000,0x00000000f4c00000)
  to   space 44032K, 0% used [0x00000000f6480000,0x00000000f6480000,0x00000000f8f80000)
 ParOldGen       total 230400K, used 82104K [0x00000000a0000000, 0x00000000ae100000, 0x00000000e0000000)
  object space 230400K, 35% used [0x00000000a0000000,0x00000000a502e128,0x00000000ae100000)
 Metaspace       used 172098K, capacity 180802K, committed 180888K, reserved 1206272K
  class space    used 21858K, capacity 23396K, committed 23448K, reserved 1048576K
Event: 2449.785 GC heap after
Heap after GC invocations=51 (full 5):
 PSYoungGen      total 362496K, used 30227K [0x00000000e0000000, 0x00000000f9480000, 0x0000000100000000)
  eden space 318464K, 0% used [0x00000000e0000000,0x00000000e0000000,0x00000000f3700000)
  from space 44032K, 68% used [0x00000000f6480000,0x00000000f8204fd8,0x00000000f8f80000)
  to   space 46592K, 0% used [0x00000000f3700000,0x00000000f3700000,0x00000000f6480000)
 ParOldGen       total 230400K, used 82112K [0x00000000a0000000, 0x00000000ae100000, 0x00000000e0000000)
  object space 230400K, 35% used [0x00000000a0000000,0x00000000a5030128,0x00000000ae100000)
 Metaspace       used 172098K, capacity 180802K, committed 180888K, reserved 1206272K
  class space    used 21858K, capacity 23396K, committed 23448K, reserved 1048576K
}

Deoptimization events (10 events):
Event: 2449.656 Thread 0x000000001ebab800 Uncommon trap: reason=class_check action=maybe_recompile pc=0x0000000007e1f7b0 method=com.android.tools.build.apkzlib.zip.ZipField.checkVerifiesInvariants(J)V @ 25
Event: 2449.800 Thread 0x000000001ebab800 Uncommon trap: reason=class_check action=maybe_recompile pc=0x0000000007e10ef0 method=com.android.tools.build.apkzlib.zip.ZipField.checkVerifiesInvariants(J)V @ 25
Event: 2449.865 Thread 0x000000001ebab800 Uncommon trap: reason=class_check action=maybe_recompile pc=0x0000000007e1f7b0 method=com.android.tools.build.apkzlib.zip.ZipField.checkVerifiesInvariants(J)V @ 25
Event: 2449.870 Thread 0x000000001ebab800 Uncommon trap: reason=class_check action=maybe_recompile pc=0x0000000007e10ef0 method=com.android.tools.build.apkzlib.zip.ZipField.checkVerifiesInvariants(J)V @ 25
Event: 2449.918 Thread 0x000000001f4a5000 Uncommon trap: reason=null_check action=make_not_entrant pc=0x0000000007da79c8 method=org.gradle.api.internal.AbstractClassGenerator.generateUnderLock(Ljava/lang/Class;)Ljava/lang/Class; @ 890
Event: 2450.064 Thread 0x000000001f4a5000 Uncommon trap: reason=array_check action=maybe_recompile pc=0x0000000006a1d644 method=java.util.ComparableTimSort.reverseRange([Ljava/lang/Object;II)V @ 27
Event: 2450.064 Thread 0x000000001f4a5000 Uncommon trap: reason=array_check action=maybe_recompile pc=0x0000000006a1d644 method=java.util.ComparableTimSort.reverseRange([Ljava/lang/Object;II)V @ 27
Event: 5013.987 Thread 0x000000001ebab000 Uncommon trap: reason=predicate action=maybe_recompile pc=0x0000000007e6a05c method=java.util.ComparableTimSort.mergeHi(IIII)V @ 185
Event: 5013.989 Thread 0x000000001ebab000 Uncommon trap: reason=null_check action=make_not_entrant pc=0x0000000007ebba48 method=java.beans.PropertyDescriptor.findPropertyType(Ljava/lang/reflect/Method;Ljava/lang/reflect/Method;)Ljava/lang/Class; @ 157
Event: 5014.836 Thread 0x000000001ebab000 Uncommon trap: reason=unstable_if action=reinterpret pc=0x0000000007ef6058 method=com.google.gson.stream.JsonReader.doPeek()I @ 315

Classes redefined (0 events):
No events

Internal exceptions (10 events):
Event: 5015.051 Thread 0x000000001ebab000 Exception <a 'java/lang/ClassNotFoundException': com/android/build/gradle/internal/api/ApkVariantOutputImpl_DecoratedBeanInfo> (0x00000000f004d9b0) thrown at [D:\src\AOSP-openjdk-cygwin\jdk8u\hotspot\src\share\vm\classfile\systemDictionary.cpp, line 210]
Event: 5015.051 Thread 0x000000001ebab000 Exception <a 'java/lang/ClassNotFoundException': com/android/build/gradle/internal/api/ApkVariantOutputImplBeanInfo> (0x00000000f0067878) thrown at [D:\src\AOSP-openjdk-cygwin\jdk8u\hotspot\src\share\vm\classfile\systemDictionary.cpp, line 210]
Event: 5015.052 Thread 0x000000001ebab000 Exception <a 'java/lang/ClassNotFoundException': com/android/build/gradle/internal/api/BaseVariantOutputImplBeanInfo> (0x00000000f00826f0) thrown at [D:\src\AOSP-openjdk-cygwin\jdk8u\hotspot\src\share\vm\classfile\systemDictionary.cpp, line 210]
Event: 5015.052 Thread 0x000000001ebab000 Exception <a 'java/lang/ClassNotFoundException': com/android/build/gradle/internal/api/BaseVariantOutputImplCustomizer> (0x00000000f009d9f0) thrown at [D:\src\AOSP-openjdk-cygwin\jdk8u\hotspot\src\share\vm\classfile\systemDictionary.cpp, line 210]
Event: 5015.053 Thread 0x000000001ebab000 Exception <a 'java/lang/ClassNotFoundException': com/android/build/gradle/internal/api/ApkVariantOutputImplCustomizer> (0x00000000f00d9c08) thrown at [D:\src\AOSP-openjdk-cygwin\jdk8u\hotspot\src\share\vm\classfile\systemDictionary.cpp, line 210]
Event: 5015.053 Thread 0x000000001ebab000 Exception <a 'java/lang/ClassNotFoundException': com/android/build/gradle/internal/api/ApkVariantOutputImpl_DecoratedCustomizer> (0x00000000f0109e38) thrown at [D:\src\AOSP-openjdk-cygwin\jdk8u\hotspot\src\share\vm\classfile\systemDictionary.cpp, line 210
Event: 5015.098 Thread 0x000000001ebab000 Exception <a 'java/lang/NoSuchMethodError': java.lang.Object.lambda$static$0(Ljava/util/Set;Ljava/util/Set;)Z> (0x00000000f06f0fb0) thrown at [D:\src\AOSP-openjdk-cygwin\jdk8u\hotspot\src\share\vm\interpreter\linkResolver.cpp, line 584]
Event: 5015.099 Thread 0x000000001ebab000 Exception <a 'java/lang/NoSuchMethodError': java.lang.Object.lambda$static$1(Ljava/util/Set;Ljava/util/Set;)Z> (0x00000000f06f3c60) thrown at [D:\src\AOSP-openjdk-cygwin\jdk8u\hotspot\src\share\vm\interpreter\linkResolver.cpp, line 584]
Event: 5015.099 Thread 0x000000001ebab000 Exception <a 'java/lang/NoSuchMethodError': java.lang.Object.lambda$static$2(Ljava/util/Set;Ljava/util/Set;)Z> (0x00000000f06f65b8) thrown at [D:\src\AOSP-openjdk-cygwin\jdk8u\hotspot\src\share\vm\interpreter\linkResolver.cpp, line 584]
Event: 5015.099 Thread 0x000000001ebab000 Exception <a 'java/lang/NoSuchMethodError': java.lang.Object.lambda$static$3(Ljava/util/Set;Ljava/util/Set;)Z> (0x00000000f06f8f10) thrown at [D:\src\AOSP-openjdk-cygwin\jdk8u\hotspot\src\share\vm\interpreter\linkResolver.cpp, line 584]

Events (10 events):
Event: 5015.176 loading class com/android/build/api/transform/SecondaryFile
Event: 5015.176 loading class com/android/build/api/transform/SecondaryFile done
Event: 5015.176 loading class com/android/build/api/transform/SecondaryFile
Event: 5015.176 loading class com/android/build/api/transform/SecondaryFile done
Event: 5015.176 loading class com/android/build/gradle/internal/pipeline/TransformTask
Event: 5015.176 loading class com/android/build/gradle/internal/pipeline/TransformTask done
Event: 5015.178 loading class org/gradle/internal/reflect/Instantiator
Event: 5015.178 loading class org/gradle/internal/reflect/Instantiator done
Event: 5015.178 loading class org/gradle/api/internal/file/FileResolver
Event: 5015.178 loading class org/gradle/api/internal/file/FileResolver done


Dynamic libraries:
0x00007ff620940000 - 0x00007ff620971000 	E:\Android Studio\jre\bin\java.exe
0x00007ffd30640000 - 0x00007ffd30821000 	C:\WINDOWS\SYSTEM32\ntdll.dll
0x00007ffd2fbe0000 - 0x00007ffd2fc91000 	C:\WINDOWS\System32\KERNEL32.DLL
0x00007ffd2ce70000 - 0x00007ffd2d0e3000 	C:\WINDOWS\System32\KERNELBASE.dll
0x00007ffd2f870000 - 0x00007ffd2f911000 	C:\WINDOWS\System32\ADVAPI32.dll
0x00007ffd2fb20000 - 0x00007ffd2fbbe000 	C:\WINDOWS\System32\msvcrt.dll
0x00007ffd2dad0000 - 0x00007ffd2db2b000 	C:\WINDOWS\System32\sechost.dll
0x00007ffd2f930000 - 0x00007ffd2fa54000 	C:\WINDOWS\System32\RPCRT4.dll
0x00007ffd2f6e0000 - 0x00007ffd2f870000 	C:\WINDOWS\System32\USER32.dll
0x00007ffd2ca10000 - 0x00007ffd2ca30000 	C:\WINDOWS\System32\win32u.dll
0x00007ffd2fd90000 - 0x00007ffd2fdb8000 	C:\WINDOWS\System32\GDI32.dll
0x00007ffd2cc20000 - 0x00007ffd2cdb2000 	C:\WINDOWS\System32\gdi32full.dll
0x00007ffd2ca30000 - 0x00007ffd2cacf000 	C:\WINDOWS\System32\msvcp_win.dll
0x00007ffd2cad0000 - 0x00007ffd2cbc8000 	C:\WINDOWS\System32\ucrtbase.dll
0x00007ffd26460000 - 0x00007ffd266c9000 	C:\WINDOWS\WinSxS\amd64_microsoft.windows.common-controls_6595b64144ccf1df_6.0.17134.765_none_fb42a1a930655896\COMCTL32.dll
0x00007ffd2f3b0000 - 0x00007ffd2f6d2000 	C:\WINDOWS\System32\combase.dll
0x00007ffd2da50000 - 0x00007ffd2daca000 	C:\WINDOWS\System32\bcryptPrimitives.dll
0x00007ffd305e0000 - 0x00007ffd3060d000 	C:\WINDOWS\System32\IMM32.DLL
0x000000006c8a0000 - 0x000000006c972000 	E:\Android Studio\jre\jre\bin\msvcr100.dll
0x000000006bdd0000 - 0x000000006c611000 	E:\Android Studio\jre\jre\bin\server\jvm.dll
0x00007ffd30530000 - 0x00007ffd30538000 	C:\WINDOWS\System32\PSAPI.DLL
0x00007ffd0f400000 - 0x00007ffd0f409000 	C:\WINDOWS\SYSTEM32\WSOCK32.dll
0x00007ffd2db30000 - 0x00007ffd2db9c000 	C:\WINDOWS\System32\WS2_32.dll
0x00007ffd2b1f0000 - 0x00007ffd2b1fa000 	C:\WINDOWS\SYSTEM32\VERSION.dll
0x00007ffd29f90000 - 0x00007ffd29fb3000 	C:\WINDOWS\SYSTEM32\WINMM.dll
0x00007ffd29b40000 - 0x00007ffd29b6a000 	C:\WINDOWS\SYSTEM32\WINMMBASE.dll
0x00007ffd2cbd0000 - 0x00007ffd2cc19000 	C:\WINDOWS\System32\cfgmgr32.dll
0x00007ffd0e940000 - 0x00007ffd0e94f000 	E:\Android Studio\jre\jre\bin\verify.dll
0x00007ffcfa3e0000 - 0x00007ffcfa409000 	E:\Android Studio\jre\jre\bin\java.dll
0x00007ffcfa3c0000 - 0x00007ffcfa3d6000 	E:\Android Studio\jre\jre\bin\zip.dll
0x00007ffd2df70000 - 0x00007ffd2f3b0000 	C:\WINDOWS\System32\SHELL32.dll
0x00007ffd2dba0000 - 0x00007ffd2dc49000 	C:\WINDOWS\System32\shcore.dll
0x00007ffd2d340000 - 0x00007ffd2da4d000 	C:\WINDOWS\System32\windows.storage.dll
0x00007ffd2fa60000 - 0x00007ffd2fab1000 	C:\WINDOWS\System32\shlwapi.dll
0x00007ffd2c9d0000 - 0x00007ffd2c9e1000 	C:\WINDOWS\System32\kernel.appcore.dll
0x00007ffd2c9f0000 - 0x00007ffd2ca0f000 	C:\WINDOWS\System32\profapi.dll
0x00007ffd2c960000 - 0x00007ffd2c9ac000 	C:\WINDOWS\System32\powrprof.dll
0x00007ffd2c950000 - 0x00007ffd2c95a000 	C:\WINDOWS\System32\FLTLIB.DLL
0x00007ffcfac70000 - 0x00007ffcfac8a000 	E:\Android Studio\jre\jre\bin\net.dll
0x00007ffd2be70000 - 0x00007ffd2bed6000 	C:\WINDOWS\system32\mswsock.dll
0x00007ffcfac50000 - 0x00007ffcfac61000 	E:\Android Studio\jre\jre\bin\nio.dll
0x00007ffd0d890000 - 0x00007ffd0d8ae000 	C:\Users\ÕÅ¼ÒÇì\.gradle\native\25\windows-amd64\native-platform.dll
0x00007ffd111b0000 - 0x00007ffd111bd000 	E:\Android Studio\jre\jre\bin\management.dll
0x00007ffd2c670000 - 0x00007ffd2c687000 	C:\WINDOWS\SYSTEM32\CRYPTSP.dll
0x00007ffd2ba50000 - 0x00007ffd2ba83000 	C:\WINDOWS\system32\rsaenh.dll
0x00007ffd2c470000 - 0x00007ffd2c495000 	C:\WINDOWS\SYSTEM32\bcrypt.dll
0x00007ffd2c880000 - 0x00007ffd2c8a8000 	C:\WINDOWS\SYSTEM32\USERENV.dll
0x00007ffd2c020000 - 0x00007ffd2c02b000 	C:\WINDOWS\SYSTEM32\CRYPTBASE.dll
0x00007ffd2bbf0000 - 0x00007ffd2bc28000 	C:\WINDOWS\SYSTEM32\IPHLPAPI.DLL
0x00007ffd30440000 - 0x00007ffd30448000 	C:\WINDOWS\System32\NSI.dll
0x00007ffd24230000 - 0x00007ffd24246000 	C:\WINDOWS\SYSTEM32\dhcpcsvc6.DLL
0x00007ffd24900000 - 0x00007ffd2491a000 	C:\WINDOWS\SYSTEM32\dhcpcsvc.DLL
0x00007ffd2b6e0000 - 0x00007ffd2b711000 	C:\WINDOWS\SYSTEM32\ntmarta.dll
0x00007ffd2c400000 - 0x00007ffd2c424000 	E:\Android Studio\jre\jre\bin\sunec.dll
0x00007ffd2bc30000 - 0x00007ffd2bcee000 	C:\WINDOWS\SYSTEM32\DNSAPI.dll
0x00007ffd1fb60000 - 0x00007ffd1fb6a000 	C:\Windows\System32\rasadhlp.dll
0x00007ffd24360000 - 0x00007ffd243d2000 	C:\WINDOWS\System32\fwpuclnt.dll
0x00007ffd28830000 - 0x00007ffd2883b000 	E:\Android Studio\jre\jre\bin\sunmscapi.dll
0x00007ffd2d150000 - 0x00007ffd2d332000 	C:\WINDOWS\System32\CRYPT32.dll
0x00007ffd2c9b0000 - 0x00007ffd2c9c2000 	C:\WINDOWS\System32\MSASN1.dll
0x00007ffd2c4a0000 - 0x00007ffd2c669000 	C:\WINDOWS\SYSTEM32\dbghelp.dll

VM Arguments:
jvm_args: -Xmx1536m -Dfile.encoding=GBK -Duser.country=CN -Duser.language=zh -Duser.variant 
java_command: org.gradle.launcher.daemon.bootstrap.GradleDaemon 5.1.1
java_class_path (initial): C:\Users\ÕÅ¼ÒÇì\.gradle\wrapper\dists\gradle-5.1.1-all\97z1ksx6lirer3kbvdnh7jtjg\gradle-5.1.1\lib\gradle-launcher-5.1.1.jar
Launcher Type: SUN_STANDARD

Environment Variables:
JAVA_HOME=E:\Java\jdk1.8.0_131\
PATH=C:\Program Files (x86)\Intel\iCLS Client\;C:\Program Files\Intel\iCLS Client\;C:\Windows\system32;C:\Windows;C:\Windows\System32\Wbem;C:\Windows\System32\WindowsPowerShell\v1.0\;C:\Program Files (x86)\Intel\Intel(R) Management Engine Components\DAL;C:\Program Files\Intel\Intel(R) Management Engine Components\DAL;C:\Program Files (x86)\Intel\Intel(R) Management Engine Components\IPT;C:\Program Files\Intel\Intel(R) Management Engine Components\IPT;C:\Program Files (x86)\NVIDIA Corporation\PhysX\Common;C:\WINDOWS\system32;C:\WINDOWS;C:\WINDOWS\System32\Wbem;C:\WINDOWS\System32\WindowsPowerShell\v1.0\;C:\WINDOWS\System32\OpenSSH\;E:\Java\jdk1.8.0_131\bin;E:\Program Files\Git\cmd;E:\AndroidSDK\platform-tools;C:\Users\ÕÅ¼ÒÇì\AppData\Local\Microsoft\WindowsApps;
USERNAME=ÕÅ¼ÒÇì
OS=Windows_NT
PROCESSOR_IDENTIFIER=Intel64 Family 6 Model 60 Stepping 3, GenuineIntel



---------------  S Y S T E M  ---------------

OS: Windows 10.0 , 64 bit Build 17134 (10.0.17134.753)

CPU:total 8 (initial active 8) (4 cores per cpu, 2 threads per core) family 6 model 60 stepping 3, cmov, cx8, fxsr, mmx, sse, sse2, sse3, ssse3, sse4.1, sse4.2, popcnt, avx, avx2, aes, clmul, erms, lzcnt, ht, tsc, tscinvbit, bmi1, bmi2

Memory: 4k page, physical 8274988k(2759964k free), swap 10241068k(3556396k free)

vm_info: OpenJDK 64-Bit Server VM (25.152-b01) for windows-amd64 JRE (1.8.0_152-release-1343-b01), built by "builder" with MS VC++ 10.0 (VS2010)

time: Thu May 23 14:45:13 2019
elapsed time: 5015 seconds (0d 1h 23m 35s)

